{"level":"info","message":"Verification code sent to test.user@greenwich.edu.vn: 506192","timestamp":"2025-06-15T15:57:48.849Z"}
{"level":"info","message":"Verification code sent to test.user@greenwich.edu.vn: 234788","timestamp":"2025-06-15T16:04:29.392Z"}
{"level":"info","message":"Verification code sent to longnhgch230179@fpt.edu.vn: 543850","timestamp":"2025-06-15T16:07:41.237Z"}
{"level":"info","message":"Verification code sent to longnhgch230179@fpt.edu.vn: 921463","timestamp":"2025-06-15T16:27:20.332Z"}
{"level":"info","message":"Verification code sent to longnhgch230179@fpt.edu.vn: 143460","timestamp":"2025-06-15T16:35:50.340Z"}
{"level":"info","message":"Password reset code sent to longnhgch230179@fpt.edu.vn: 118361","timestamp":"2025-06-15T16:58:26.484Z"}
{"level":"info","message":"New verification code sent to longnhgch230179@fpt.edu.vn: 421113","timestamp":"2025-06-15T17:02:59.353Z"}
{"level":"info","message":"Password reset code sent to longnhgch230179@fpt.edu.vn: 970009","timestamp":"2025-06-15T17:03:23.830Z"}
{"level":"info","message":"Password reset code sent to longnhgch230179@fpt.edu.vn: 855675","timestamp":"2025-06-15T17:10:58.647Z"}
{"_message":"User validation failed","errors":{"name":{"kind":"required","message":"Please provide a name","name":"ValidatorError","path":"name","properties":{"message":"Please provide a name","path":"name","type":"required"}}},"level":"error","message":"Upload avatar error: User validation failed: name: Please provide a name","stack":"ValidationError: User validation failed: name: Please provide a name\n    at Document.invalidate (D:\\Study\\G2\\Unitree\\server\\node_modules\\mongoose\\lib\\document.js:3219:32)\n    at D:\\Study\\G2\\Unitree\\server\\node_modules\\mongoose\\lib\\document.js:3012:17\n    at D:\\Study\\G2\\Unitree\\server\\node_modules\\mongoose\\lib\\schematype.js:1368:9\n    at process.processTicksAndRejections (node:internal/process/task_queues:77:11)","timestamp":"2025-06-17T06:45:02.775Z"}
{"_message":"User validation failed","errors":{"name":{"kind":"required","message":"Please provide a name","name":"ValidatorError","path":"name","properties":{"message":"Please provide a name","path":"name","type":"required"}}},"level":"error","message":"Upload avatar error: User validation failed: name: Please provide a name","stack":"ValidationError: User validation failed: name: Please provide a name\n    at Document.invalidate (D:\\Study\\G2\\Unitree\\server\\node_modules\\mongoose\\lib\\document.js:3219:32)\n    at D:\\Study\\G2\\Unitree\\server\\node_modules\\mongoose\\lib\\document.js:3012:17\n    at D:\\Study\\G2\\Unitree\\server\\node_modules\\mongoose\\lib\\schematype.js:1368:9\n    at process.processTicksAndRejections (node:internal/process/task_queues:77:11)","timestamp":"2025-06-17T06:47:15.128Z"}
{"dayTimeConnected":0,"lastDayReset":"2025-06-18T08:21:05.066Z","lastWeekReset":"2025-06-18T08:21:05.066Z","level":"info","message":"Reset time periods for user 684850fe46b46d22ef93910e:","timestamp":"2025-06-18T08:21:05.080Z","weekTimeConnected":0}
{"level":"info","message":"Verification code sent to duongnnhgch230313@fpt.edu.vn: 710418","timestamp":"2025-06-18T09:15:45.535Z"}
{"level":"info","message":"Student data found for duongnnhgch230313@fpt.edu.vn: Nguyễn Ngọc Hoàng Dương (GCH230313)","timestamp":"2025-06-18T09:16:23.206Z"}
{"level":"info","message":"Verification code sent to quanldgch230163@gmail.com: 822832","timestamp":"2025-06-18T09:22:15.930Z"}
{"level":"info","message":"Verification code sent to uyenbtgbh220312@fpt.edu.vn: 887854","timestamp":"2025-06-18T14:42:12.660Z"}
{"level":"info","message":"Student data found for uyenbtgbh220312@fpt.edu.vn: Bùi Thu Uyên (GBH220312)","timestamp":"2025-06-18T14:42:28.992Z"}
{"dayTimeConnected":0,"lastDayReset":"2025-06-18T14:45:38.830Z","lastMonthReset":"2025-06-18T14:45:38.830Z","lastWeekReset":"2025-06-18T14:45:38.830Z","level":"info","message":"Reset time periods for user 6852d10ba0a57324869852f6:","monthTimeConnected":0,"timestamp":"2025-06-18T14:45:38.836Z","weekTimeConnected":0}
{"level":"info","message":"Verification code sent to quanldgch230163@gmail.com: 986930","timestamp":"2025-06-18T16:44:14.095Z"}
{"level":"info","message":"Verification code sent to quanldgch230163@gmail.com: 394166","timestamp":"2025-06-18T17:42:02.341Z"}
{"dayTimeConnected":0,"lastDayReset":"2025-06-18T17:58:59.862Z","level":"info","message":"Reset time periods for user 6852d10ba0a57324869852f6:","timestamp":"2025-06-18T17:58:59.865Z"}
{"dayTimeConnected":0,"lastDayReset":"2025-06-18T19:22:27.951Z","level":"info","message":"Reset time periods for user 684850fe46b46d22ef93910e:","timestamp":"2025-06-18T19:22:27.958Z"}
